i:\myfiles\vsprojects\dreamengine\demoengine\dreamengine\debug\vc142.pdb
i:\myfiles\vsprojects\dreamengine\demoengine\dreamengine\debug\vc142.idb
i:\myfiles\vsprojects\dreamengine\demoengine\dreamengine\debug\simple_net_drive.obj
i:\myfiles\vsprojects\dreamengine\demoengine\dreamengine\debug\simple_connetion_udp.obj
i:\myfiles\vsprojects\dreamengine\demoengine\dreamengine\debug\simple_connetion_tcp.obj
i:\myfiles\vsprojects\dreamengine\demoengine\dreamengine\debug\simple_connetion.obj
i:\myfiles\vsprojects\dreamengine\demoengine\dreamengine\debug\simple_channel.obj
i:\myfiles\vsprojects\dreamengine\demoengine\dreamengine\debug\simple_io_stream.obj
i:\myfiles\vsprojects\dreamengine\demoengine\dreamengine\debug\shader.obj
i:\myfiles\vsprojects\dreamengine\demoengine\dreamengine\debug\rendering.obj
i:\myfiles\vsprojects\dreamengine\demoengine\dreamengine\debug\windowsmessageprocessing.obj
i:\myfiles\vsprojects\dreamengine\demoengine\dreamengine\debug\windowsengine.obj
i:\myfiles\vsprojects\dreamengine\demoengine\dreamengine\debug\meshtype.obj
i:\myfiles\vsprojects\dreamengine\demoengine\dreamengine\debug\mesh.obj
i:\myfiles\vsprojects\dreamengine\demoengine\dreamengine\debug\boxmesh.obj
i:\myfiles\vsprojects\dreamengine\demoengine\dreamengine\debug\enginemath.obj
i:\myfiles\vsprojects\dreamengine\demoengine\dreamengine\debug\dreamengine.obj
i:\myfiles\vsprojects\dreamengine\demoengine\dreamengine\debug\enginedebug.obj
i:\myfiles\vsprojects\dreamengine\demoengine\dreamengine\debug\winmaincommandparameters.obj
i:\myfiles\vsprojects\dreamengine\demoengine\dreamengine\debug\engine.obj
i:\myfiles\vsprojects\dreamengine\demoengine\dreamengine\debug\enginerenderconfig.obj
i:\myfiles\vsprojects\dreamengine\demoengine\dreamengine\debug\vector_4d.obj
i:\myfiles\vsprojects\dreamengine\demoengine\dreamengine\debug\vector_3d.obj
i:\myfiles\vsprojects\dreamengine\demoengine\dreamengine\debug\vector_2d.obj
i:\myfiles\vsprojects\dreamengine\demoengine\dreamengine\debug\triangle.obj
i:\myfiles\vsprojects\dreamengine\demoengine\dreamengine\debug\matrix_4x4.obj
i:\myfiles\vsprojects\dreamengine\demoengine\dreamengine\debug\matrix_3x3.obj
i:\myfiles\vsprojects\dreamengine\demoengine\dreamengine\debug\matrix_2x2.obj
i:\myfiles\vsprojects\dreamengine\demoengine\dreamengine\debug\math_utils.obj
i:\myfiles\vsprojects\dreamengine\demoengine\dreamengine\debug\simple_image.obj
i:\myfiles\vsprojects\dreamengine\demoengine\dreamengine\debug\simple_image_bmp.obj
i:\myfiles\vsprojects\dreamengine\demoengine\dreamengine\debug\simple_object.obj
i:\myfiles\vsprojects\dreamengine\demoengine\dreamengine\debug\simple_net_type.obj
i:\myfiles\vsprojects\dreamengine\demoengine\dreamengine\debug\simple_net_drive_udp.obj
i:\myfiles\vsprojects\dreamengine\demoengine\dreamengine\debug\simple_net_drive_tcp.obj
i:\myfiles\vsprojects\dreamengine\demoengine\dreamengine\debug\dreamengine.tlog\cl.command.1.tlog
i:\myfiles\vsprojects\dreamengine\demoengine\dreamengine\debug\dreamengine.tlog\cl.read.1.tlog
i:\myfiles\vsprojects\dreamengine\demoengine\dreamengine\debug\dreamengine.tlog\cl.write.1.tlog
